::1 - GET / HTTP/1.1 500 - - 192.474 ms
::1 - GET /favicon.ico HTTP/1.1 500 - - 8.518 ms
::1 - GET / HTTP/1.1 404 - - 144.351 ms
::1 - GET /favicon.ico HTTP/1.1 404 - - 8.536 ms
::1 - GET /genesis-api/ HTTP/1.1 200 - - 29.832 ms
::1 - GET /api/ HTTP/1.1 200 - - 35.381 ms
::1 - GET / HTTP/1.1 404 - - 214.691 ms
::1 - GET /api HTTP/1.1 200 - - 30.718 ms
::1 - GET /main HTTP/1.1 404 - - 6.720 ms
::1 - GET /admin HTTP/1.1 404 - - 8.026 ms
::1 - GET /admin HTTP/1.1 404 409 - 143.229 ms
::1 - GET /admin HTTP/1.1 200 - - 3.574 ms
::1 - GET /admin/static/js/2.830afb1a.chunk.js/ HTTP/1.1 404 - - 143.520 ms
::1 - GET /admin/static/js/2.830afb1a.chunk.js/ HTTP/1.1 404 - - 8.222 ms
::1 - GET /admin/static/js/2.830afb1a.chunk.js/ HTTP/1.1 404 - - 145.694 ms
::1 - GET /admin/static/js/2.830afb1a.chunk.js/ HTTP/1.1 404 - - 8.209 ms
::1 - GET /admin/static/js/2.830afb1a.chunk.js/ HTTP/1.1 404 - - 5.967 ms
::1 - GET /admin/static/js/2.830afb1a.chunk.js/ HTTP/1.1 404 - - 10.489 ms
::1 - GET /favicon.ico HTTP/1.1 404 - - 148.432 ms
::1 - GET /stylesheets/style.css HTTP/1.1 404 - - 144.071 ms
::1 - GET /stylesheets/style.css HTTP/1.1 404 - - 9.424 ms
::1 - GET /stylesheets/style.css HTTP/1.1 404 - - 6.409 ms
::1 - GET /stylesheets/style.css HTTP/1.1 404 - - 11.623 ms
::1 - GET /favicon.ico HTTP/1.1 404 - - 5.913 ms
::1 - GET /favicon.ico HTTP/1.1 404 - - 3.943 ms
::1 - GET /stylesheets/ HTTP/1.1 404 - - 144.537 ms
::1 - GET /stylesheets/ HTTP/1.1 404 - - 9.583 ms
::1 - GET /favicon.ico HTTP/1.1 404 - - 6.144 ms
::1 - GET /stylesheets/style.js HTTP/1.1 404 - - 9.744 ms
::1 - GET /stylesheets/style.js HTTP/1.1 404 - - 6.855 ms
::1 - GET /favicon.ico HTTP/1.1 404 - - 4.584 ms
::1 - GET /favicon.ico HTTP/1.1 404 - - 5.018 ms
::1 - GET /admin/static/js/2.830afb1a.chunk.js/ HTTP/1.1 404 - - 4.453 ms
::1 - GET /admin/static/js/2.830afb1a.chunk.js/ HTTP/1.1 404 - - 4.238 ms
::1 - GET /favicon.ico HTTP/1.1 404 - - 7.081 ms
::1 - GET /admin/static/js/2.830afb1a.chunk.js/ HTTP/1.1 404 - - 4.864 ms
::1 - GET /admin/static/js/2.830afb1a.chunk.js/ HTTP/1.1 404 - - 4.298 ms
::1 - GET /favicon.ico HTTP/1.1 404 - - 6.410 ms
::1 - GET /favicon.ico HTTP/1.1 404 - - 6.133 ms
::1 - GET /admin/static/js/main.3ac3135c.chunk.js/ HTTP/1.1 404 - - 5.907 ms
::1 - GET /admin/static/js/main.3ac3135c.chunk.js/ HTTP/1.1 404 - - 3.181 ms
::1 - GET /favicon.ico HTTP/1.1 404 - - 4.027 ms
::1 - GET /favicon.ico HTTP/1.1 404 - - 4.061 ms
::1 - GET /favicon.ico HTTP/1.1 404 - - 143.993 ms
::1 - GET /admin/static/css/2.e31ebaae.chunk.css/ HTTP/1.1 404 - - 8.972 ms
::1 - GET /admin/static/css/main.f17ea98a.chunk.css/ HTTP/1.1 404 - - 6.220 ms
::1 - GET /admin/static/js/2.830afb1a.chunk.js/ HTTP/1.1 404 - - 9.980 ms
::1 - GET /admin/static/js/main.eb2ecccb.chunk.js/ HTTP/1.1 404 - - 7.447 ms
::1 - GET /admin/site.webmanifest/ HTTP/1.1 404 - - 4.515 ms
::1 - GET /admin/favicon-32x32.png/ HTTP/1.1 404 - - 4.788 ms
::1 - GET /admin/favicon-16x16.png/ HTTP/1.1 404 - - 3.638 ms
::1 - GET /genesis-admin/login/ HTTP/1.1 404 - - 142.795 ms
::1 - GET /genesis-admin/login/ HTTP/1.1 404 - - 9.312 ms
::1 - GET /favicon.ico HTTP/1.1 404 - - 5.636 ms
::1 - GET /admin/site.webmanifest/ HTTP/1.1 404 - - 10.271 ms
::1 - GET /admin/favicon-32x32.png/ HTTP/1.1 404 - - 6.016 ms
::1 - GET /admin/favicon-16x16.png/ HTTP/1.1 404 - - 4.915 ms
::1 - GET /admin/site.webmanifest/ HTTP/1.1 404 - - 9.194 ms
::1 - GET /admin/site.webmanifest/ HTTP/1.1 404 - - 7.136 ms
::1 - GET /admin/site.webmanifest/ HTTP/1.1 404 - - 7.654 ms
::1 - GET /admin/site.webmanifest/ HTTP/1.1 404 - - 7.002 ms
::1 - GET /admin/site.webmanifest/ HTTP/1.1 200 - - 3.792 ms
::1 - GET /admin/site.webmanifest/ HTTP/1.1 304 - - 0.323 ms
::1 - GET /admin/site.webmanifest/ HTTP/1.1 304 - - 0.234 ms
::1 - GET /admin/site.webmanifest/ HTTP/1.1 304 - - 0.252 ms
::1 - GET /admin/site.webmanifest/ HTTP/1.1 304 - - 0.243 ms
::1 - GET /admin/login/ HTTP/1.1 200 - - 0.824 ms
::1 - GET /admin/login/ HTTP/1.1 200 - - 0.725 ms
::1 - GET /admin/site.webmanifest/ HTTP/1.1 304 - - 0.352 ms
::1 - GET /admin/site.webmanifest/ HTTP/1.1 304 - - 0.301 ms
::1 - GET /admin/site.webmanifest/ HTTP/1.1 200 - - 0.748 ms
::1 - GET /favicon.ico HTTP/1.1 404 - - 146.241 ms
::1 - GET /admin/site.manifest HTTP/1.1 404 - - 146.846 ms
::1 - GET /admin/site.manifest HTTP/1.1 404 - - 7.543 ms
::1 - GET /favicon.ico HTTP/1.1 404 - - 9.284 ms
::1 - GET /admin/site.webmanifest/ HTTP/1.1 404 - - 10.127 ms
::1 - GET /favicon.ico HTTP/1.1 404 - - 7.851 ms
::1 - GET /admin/site.webmanifest/ HTTP/1.1 404 - - 5.079 ms
::1 - GET /favicon.ico HTTP/1.1 404 - - 5.901 ms
::1 - GET /favicon.ico HTTP/1.1 404 - - 5.262 ms
::1 - GET /admin/site.webmanifest/ HTTP/1.1 404 - - 5.664 ms
::1 - GET /favicon.ico HTTP/1.1 404 - - 6.955 ms
::1 - GET /admin/ HTTP/1.1 404 407 - 162.822 ms
::1 - GET /favicon.ico HTTP/1.1 404 - - 10.684 ms
::1 - GET /admin/service-worker.js HTTP/1.1 404 407 - 5.659 ms
::1 - GET /admin/site.webmanifest/ HTTP/1.1 200 - - 2.708 ms
::1 - GET /admin/login/ HTTP/1.1 200 - - 0.767 ms
::1 - GET /admin/login/ HTTP/1.1 200 - - 0.722 ms
::1 - GET /user HTTP/1.1 404 - - 145.462 ms
::1 - GET /user HTTP/1.1 404 - - 7.612 ms
::1 - GET /favicon.ico HTTP/1.1 404 - - 7.322 ms
::1 - GET /main/static/css/2.b4813b23.chunk.css/ HTTP/1.1 200 - - 2.117 ms
::1 - GET /main/static/css/main.4c0b3045.chunk.css/ HTTP/1.1 200 - - 1.594 ms
::1 - GET /main/static/js/2.d356a56a.chunk.js/ HTTP/1.1 200 - - 2.624 ms
::1 - GET /main/favicon.ico/ HTTP/1.1 200 - - 1.780 ms
::1 - GET /main/manifest.json/ HTTP/1.1 200 - - 1.103 ms
::1 - GET /main/manifest.json/ HTTP/1.1 200 - - 0.652 ms
::1 - GET /main/favicon.ico/ HTTP/1.1 304 - - 0.498 ms
::1 - GET /main/manifest.json/ HTTP/1.1 304 - - 1.553 ms
::1 - GET /main/login HTTP/1.1 200 - - 0.599 ms
::1 - GET /main/login HTTP/1.1 200 - - 1.187 ms
::1 - GET /main/manifest.json/ HTTP/1.1 304 - - 0.360 ms
::1 - GET /admin/login/ HTTP/1.1 200 - - 0.665 ms
::1 - GET /admin/login/ HTTP/1.1 200 - - 0.632 ms
::1 - GET /admin/login/ HTTP/1.1 200 - - 0.573 ms
::1 - GET /admin/login/ HTTP/1.1 200 - - 0.531 ms
::1 - GET /admin/login/ HTTP/1.1 200 - - 0.847 ms
::1 - GET /admin/login/ HTTP/1.1 200 - - 1.916 ms
::1 - GET /favicon.ico HTTP/1.1 404 - - 9.791 ms
::1 - GET /main/manifest.json/ HTTP/1.1 200 - - 0.572 ms
::1 - GET /main/manifest.json/ HTTP/1.1 304 - - 0.401 ms
::1 - GET /main/manifest.json/ HTTP/1.1 304 - - 0.236 ms
::1 - GET /admin/site.webmanifest/ HTTP/1.1 304 - - 0.294 ms
::1 - GET /admin/login/ HTTP/1.1 304 - - 0.347 ms
::1 - GET /admin/site.webmanifest/ HTTP/1.1 200 - - 7.988 ms
::1 - GET /admin/login/ HTTP/1.1 200 - - 0.878 ms
::1 - GET /admin/login/ HTTP/1.1 200 - - 0.821 ms
